INFO 2023-11-29 08:04:31,585 autoreload 637 Watching for file changes with StatReloader
INFO 2023-11-29 08:04:41,788 basehttp 161 "GET /static/index.html HTTP/1.1" 304 0
INFO 2023-11-29 08:05:13,034 basehttp 161 "GET /static/index.html HTTP/1.1" 304 0
INFO 2023-11-29 08:07:05,900 autoreload 637 Watching for file changes with StatReloader
INFO 2023-11-29 08:07:29,077 basehttp 161 "GET /static/register.html HTTP/1.1" 200 5303
INFO 2023-11-29 08:07:29,183 basehttp 161 "GET /static/css/main.css HTTP/1.1" 200 39722
WARNING 2023-11-29 08:07:29,252 basehttp 161 "GET /static/%7B%7B%20static('images/logo.png')%20%7D%7D HTTP/1.1" 404 1894
WARNING 2023-11-29 08:07:29,254 basehttp 161 "GET /static/%7B%7B%20static('js/vue-2.5.16.js')%20%7D%7D HTTP/1.1" 404 1897
WARNING 2023-11-29 08:07:29,256 basehttp 161 "GET /static/%7B%7B%20static('css/reset.css')%20%7D%7D HTTP/1.1" 404 1888
WARNING 2023-11-29 08:07:29,261 basehttp 161 "GET /static/%7B%7B%20static('css/main.css')%20%7D%7D HTTP/1.1" 404 1885
WARNING 2023-11-29 08:07:29,264 basehttp 161 "GET /static/%7B%7B%20static('js/host.js')%20%7D%7D HTTP/1.1" 404 1879
WARNING 2023-11-29 08:07:29,270 basehttp 161 "GET /static/%7B%7B%20static('js/axios-0.18.0.min.js')%20%7D%7D HTTP/1.1" 404 1915
WARNING 2023-11-29 08:07:29,287 basehttp 161 "GET /static/%7B%7B%20static('images/pic_code.jpg')%20%7D%7D HTTP/1.1" 404 1906
WARNING 2023-11-29 08:07:29,289 basehttp 161 "GET /static/%7B%7B%20static('js/common.js')%20%7D%7D HTTP/1.1" 404 1885
WARNING 2023-11-29 08:07:29,291 basehttp 161 "GET /static/%7B%7B%20static('js/register.js')%20%7D%7D HTTP/1.1" 404 1891
INFO 2023-11-29 08:07:29,297 basehttp 161 "GET /static/images/interval_line.png HTTP/1.1" 200 1123
INFO 2023-11-29 08:07:29,302 basehttp 161 "GET /static/images/register_banner.png HTTP/1.1" 200 54894
INFO 2023-11-29 08:07:29,302 basehttp 161 "GET /static/images/icons02.png HTTP/1.1" 200 3935
INFO 2023-11-29 08:14:37,589 autoreload 637 Watching for file changes with StatReloader
INFO 2023-11-29 08:14:44,893 autoreload 251 /Users/dickens/Desktop/test/python/django/projects/meiduo_project/meiduo_mall/meiduo_mall/settings/dev.py changed, reloading.
INFO 2023-11-29 08:14:45,401 autoreload 637 Watching for file changes with StatReloader
INFO 2023-11-29 08:17:03,034 autoreload 637 Watching for file changes with StatReloader
INFO 2023-11-29 08:47:33,041 autoreload 637 Watching for file changes with StatReloader
INFO 2023-11-29 08:48:01,122 autoreload 637 Watching for file changes with StatReloader
INFO 2023-11-29 08:48:06,410 autoreload 251 /Users/dickens/Desktop/test/python/django/projects/meiduo_project/meiduo_mall/meiduo_mall/settings/dev.py changed, reloading.
INFO 2023-11-29 08:48:06,756 autoreload 637 Watching for file changes with StatReloader
INFO 2023-11-29 08:48:12,039 autoreload 251 /Users/dickens/Desktop/test/python/django/projects/meiduo_project/meiduo_mall/meiduo_mall/apps/users/apps.py changed, reloading.
INFO 2023-11-29 08:48:12,425 autoreload 637 Watching for file changes with StatReloader
INFO 2023-11-29 08:50:40,345 autoreload 637 Watching for file changes with StatReloader
INFO 2023-11-29 10:55:28,687 autoreload 637 Watching for file changes with StatReloader
INFO 2023-11-29 10:56:33,036 autoreload 637 Watching for file changes with StatReloader
INFO 2023-11-29 10:56:50,620 autoreload 251 /Users/dickens/Desktop/test/python/django/projects/meiduo_project/meiduo_mall/meiduo_mall/apps/users/urls.py changed, reloading.
INFO 2023-11-29 10:56:51,250 autoreload 637 Watching for file changes with StatReloader
INFO 2023-11-29 10:57:02,715 autoreload 251 /Users/dickens/Desktop/test/python/django/projects/meiduo_project/meiduo_mall/meiduo_mall/apps/users/urls.py changed, reloading.
INFO 2023-11-29 10:57:03,285 autoreload 637 Watching for file changes with StatReloader
INFO 2023-11-29 10:57:12,683 autoreload 251 /Users/dickens/Desktop/test/python/django/projects/meiduo_project/meiduo_mall/meiduo_mall/apps/users/urls.py changed, reloading.
INFO 2023-11-29 10:57:13,088 autoreload 637 Watching for file changes with StatReloader
INFO 2023-11-29 10:57:21,480 autoreload 251 /Users/dickens/Desktop/test/python/django/projects/meiduo_project/meiduo_mall/meiduo_mall/apps/users/urls.py changed, reloading.
INFO 2023-11-29 10:57:21,848 autoreload 637 Watching for file changes with StatReloader
INFO 2023-11-29 10:57:31,249 autoreload 251 /Users/dickens/Desktop/test/python/django/projects/meiduo_project/meiduo_mall/meiduo_mall/apps/users/urls.py changed, reloading.
INFO 2023-11-29 10:57:31,732 autoreload 637 Watching for file changes with StatReloader
INFO 2023-11-29 10:57:48,698 autoreload 637 Watching for file changes with StatReloader
INFO 2023-11-29 10:58:00,123 autoreload 251 /Users/dickens/Desktop/test/python/django/projects/meiduo_project/meiduo_mall/meiduo_mall/apps/users/urls.py changed, reloading.
INFO 2023-11-29 10:58:00,722 autoreload 637 Watching for file changes with StatReloader
INFO 2023-11-29 10:58:10,157 autoreload 251 /Users/dickens/Desktop/test/python/django/projects/meiduo_project/meiduo_mall/meiduo_mall/apps/users/urls.py changed, reloading.
INFO 2023-11-29 10:58:10,736 autoreload 637 Watching for file changes with StatReloader
INFO 2023-11-29 10:58:19,169 autoreload 251 /Users/dickens/Desktop/test/python/django/projects/meiduo_project/meiduo_mall/meiduo_mall/apps/users/urls.py changed, reloading.
INFO 2023-11-29 10:58:19,745 autoreload 637 Watching for file changes with StatReloader
INFO 2023-11-29 10:58:27,138 autoreload 251 /Users/dickens/Desktop/test/python/django/projects/meiduo_project/meiduo_mall/meiduo_mall/apps/users/urls.py changed, reloading.
INFO 2023-11-29 10:58:27,509 autoreload 637 Watching for file changes with StatReloader
INFO 2023-11-29 15:18:46,211 autoreload 637 Watching for file changes with StatReloader
INFO 2023-11-29 15:19:12,525 autoreload 637 Watching for file changes with StatReloader
INFO 2023-11-29 15:20:39,054 autoreload 251 /Users/dickens/Desktop/test/python/django/projects/meiduo_project/meiduo_mall/meiduo_mall/apps/users/urls.py changed, reloading.
INFO 2023-11-29 15:20:39,997 autoreload 637 Watching for file changes with StatReloader
INFO 2023-11-29 15:22:14,485 autoreload 251 /Users/dickens/Desktop/test/python/django/projects/meiduo_project/meiduo_mall/meiduo_mall/apps/users/urls.py changed, reloading.
INFO 2023-11-29 15:22:15,233 autoreload 637 Watching for file changes with StatReloader
INFO 2023-11-29 15:22:18,193 autoreload 637 Watching for file changes with StatReloader
INFO 2023-11-29 15:23:34,409 autoreload 251 /Users/dickens/Desktop/test/python/django/projects/meiduo_project/meiduo_mall/meiduo_mall/apps/users/urls.py changed, reloading.
INFO 2023-11-29 15:23:35,126 autoreload 637 Watching for file changes with StatReloader
INFO 2023-11-29 15:24:19,942 autoreload 251 /Users/dickens/Desktop/test/python/django/projects/meiduo_project/meiduo_mall/meiduo_mall/apps/users/urls.py changed, reloading.
INFO 2023-11-29 15:24:20,704 autoreload 637 Watching for file changes with StatReloader
INFO 2023-11-29 15:33:41,500 autoreload 251 /Users/dickens/Desktop/test/python/django/projects/meiduo_project/meiduo_mall/meiduo_mall/apps/users/urls.py changed, reloading.
INFO 2023-11-29 15:33:42,385 autoreload 637 Watching for file changes with StatReloader
INFO 2023-11-29 15:33:52,705 autoreload 251 /Users/dickens/Desktop/test/python/django/projects/meiduo_project/meiduo_mall/meiduo_mall/apps/users/urls.py changed, reloading.
INFO 2023-11-29 15:33:53,566 autoreload 637 Watching for file changes with StatReloader
INFO 2023-11-29 15:35:25,048 autoreload 251 /Users/dickens/Desktop/test/python/django/projects/meiduo_project/meiduo_mall/meiduo_mall/apps/users/apps.py changed, reloading.
INFO 2023-11-29 15:35:25,754 autoreload 637 Watching for file changes with StatReloader
INFO 2023-11-29 15:35:34,029 autoreload 251 /Users/dickens/Desktop/test/python/django/projects/meiduo_project/meiduo_mall/meiduo_mall/apps/users/apps.py changed, reloading.
INFO 2023-11-29 15:35:34,657 autoreload 637 Watching for file changes with StatReloader
INFO 2023-11-29 15:37:57,506 autoreload 637 Watching for file changes with StatReloader
INFO 2023-11-29 15:40:51,882 autoreload 637 Watching for file changes with StatReloader
INFO 2023-11-29 15:42:59,885 autoreload 251 /Users/dickens/Desktop/test/python/django/projects/meiduo_project/meiduo_mall/meiduo_mall/apps/users/urls.py changed, reloading.
INFO 2023-11-29 15:43:00,773 autoreload 637 Watching for file changes with StatReloader
ERROR 2023-11-29 15:43:22,399 log 230 Internal Server Error: /register/
Traceback (most recent call last):
  File "/Users/dickens/.virtualenvs/meiduo_mall/lib/python3.7/site-packages/django/core/handlers/exception.py", line 47, in inner
    response = get_response(request)
  File "/Users/dickens/.virtualenvs/meiduo_mall/lib/python3.7/site-packages/django/core/handlers/base.py", line 181, in _get_response
    response = wrapped_callback(request, *callback_args, **callback_kwargs)
  File "/Users/dickens/.virtualenvs/meiduo_mall/lib/python3.7/site-packages/django/views/generic/base.py", line 70, in view
    return self.dispatch(request, *args, **kwargs)
  File "/Users/dickens/.virtualenvs/meiduo_mall/lib/python3.7/site-packages/django/views/generic/base.py", line 98, in dispatch
    return handler(request, *args, **kwargs)
  File "/Users/dickens/Desktop/test/python/django/projects/meiduo_project/meiduo_mall/meiduo_mall/apps/users/views.py", line 16, in get
    return render(request, 'register.html')
  File "/Users/dickens/.virtualenvs/meiduo_mall/lib/python3.7/site-packages/django/shortcuts.py", line 19, in render
    content = loader.render_to_string(template_name, context, request, using=using)
  File "/Users/dickens/.virtualenvs/meiduo_mall/lib/python3.7/site-packages/django/template/loader.py", line 61, in render_to_string
    template = get_template(template_name, using=using)
  File "/Users/dickens/.virtualenvs/meiduo_mall/lib/python3.7/site-packages/django/template/loader.py", line 19, in get_template
    raise TemplateDoesNotExist(template_name, chain=chain)
django.template.exceptions.TemplateDoesNotExist: register.html
ERROR 2023-11-29 15:43:22,401 basehttp 161 "GET /register/ HTTP/1.1" 500 95007
INFO 2023-11-29 15:44:07,067 basehttp 161 "GET /register/ HTTP/1.1" 200 4943
INFO 2023-11-29 15:44:07,147 basehttp 161 "GET /static/js/host.js HTTP/1.1" 200 75
INFO 2023-11-29 15:44:07,152 basehttp 161 "GET /static/images/logo.png HTTP/1.1" 200 7450
INFO 2023-11-29 15:44:07,155 basehttp 161 "GET /static/js/axios-0.18.0.min.js HTTP/1.1" 200 12941
INFO 2023-11-29 15:44:07,159 basehttp 161 "GET /static/images/pic_code.jpg HTTP/1.1" 200 4507
INFO 2023-11-29 15:44:07,170 basehttp 161 "GET /static/js/common.js HTTP/1.1" 200 891
INFO 2023-11-29 15:44:07,175 basehttp 161 "GET /static/js/vue-2.5.16.js HTTP/1.1" 200 289307
INFO 2023-11-29 15:44:07,179 basehttp 161 "GET /static/js/register.js HTTP/1.1" 200 15584
WARNING 2023-11-29 15:44:08,514 log 230 Not Found: /usernames/admin/count/
WARNING 2023-11-29 15:44:08,515 basehttp 161 "GET /usernames/admin/count/ HTTP/1.1" 404 2324
INFO 2023-11-29 15:45:12,009 autoreload 251 /Users/dickens/Desktop/test/python/django/projects/meiduo_project/meiduo_mall/meiduo_mall/apps/users/apps.py changed, reloading.
INFO 2023-11-29 15:45:12,743 autoreload 637 Watching for file changes with StatReloader
INFO 2023-11-29 15:45:20,198 autoreload 251 /Users/dickens/Desktop/test/python/django/projects/meiduo_project/meiduo_mall/meiduo_mall/apps/users/urls.py changed, reloading.
INFO 2023-11-29 15:45:20,733 autoreload 637 Watching for file changes with StatReloader
INFO 2023-11-29 15:45:23,918 autoreload 251 /Users/dickens/Desktop/test/python/django/projects/meiduo_project/meiduo_mall/meiduo_mall/apps/users/urls.py changed, reloading.
INFO 2023-11-29 15:45:24,402 autoreload 637 Watching for file changes with StatReloader
INFO 2023-11-29 15:45:29,815 autoreload 251 /Users/dickens/Desktop/test/python/django/projects/meiduo_project/meiduo_mall/meiduo_mall/apps/users/apps.py changed, reloading.
INFO 2023-11-29 15:45:30,361 autoreload 637 Watching for file changes with StatReloader
INFO 2023-11-30 08:26:21,124 autoreload 637 Watching for file changes with StatReloader
INFO 2023-11-30 08:26:50,413 autoreload 637 Watching for file changes with StatReloader
INFO 2023-11-30 08:28:02,120 autoreload 637 Watching for file changes with StatReloader
INFO 2023-11-30 08:28:28,046 basehttp 161 "GET /register/ HTTP/1.1" 200 4986
INFO 2023-11-30 08:28:29,612 basehttp 161 "GET /usernames/admin/count/ HTTP/1.1" 200 42
INFO 2023-11-30 08:28:30,722 basehttp 161 "GET /usernames/admin/count/ HTTP/1.1" 200 42
INFO 2023-11-30 08:29:02,272 autoreload 637 Watching for file changes with StatReloader
INFO 2023-11-30 08:36:07,801 autoreload 637 Watching for file changes with StatReloader
INFO 2023-11-30 08:49:55,715 autoreload 637 Watching for file changes with StatReloader
INFO 2023-11-30 08:50:00,207 basehttp 161 "GET /register/ HTTP/1.1" 200 4986
INFO 2023-11-30 08:50:01,661 basehttp 161 "GET /usernames/admin/count/ HTTP/1.1" 200 42
INFO 2023-11-30 08:50:07,470 basehttp 161 "GET /mobiles/17613731215/count/ HTTP/1.1" 200 41
INFO 2023-11-30 09:06:33,848 autoreload 637 Watching for file changes with StatReloader
INFO 2023-11-30 09:06:49,216 autoreload 637 Watching for file changes with StatReloader
INFO 2023-11-30 09:07:24,158 autoreload 637 Watching for file changes with StatReloader
ERROR 2023-11-30 09:07:35,461 log 230 Internal Server Error: /
Traceback (most recent call last):
  File "/Users/dickens/.virtualenvs/meiduo_mall/lib/python3.7/site-packages/django/core/handlers/exception.py", line 47, in inner
    response = get_response(request)
  File "/Users/dickens/.virtualenvs/meiduo_mall/lib/python3.7/site-packages/django/core/handlers/base.py", line 181, in _get_response
    response = wrapped_callback(request, *callback_args, **callback_kwargs)
  File "/Users/dickens/.virtualenvs/meiduo_mall/lib/python3.7/site-packages/django/views/generic/base.py", line 70, in view
    return self.dispatch(request, *args, **kwargs)
  File "/Users/dickens/.virtualenvs/meiduo_mall/lib/python3.7/site-packages/django/views/generic/base.py", line 98, in dispatch
    return handler(request, *args, **kwargs)
  File "/Users/dickens/Desktop/test/python/django/projects/meiduo_project/meiduo_mall/meiduo_mall/apps/contents/views.py", line 12, in get
    return render(request, 'index.html')
  File "/Users/dickens/.virtualenvs/meiduo_mall/lib/python3.7/site-packages/django/shortcuts.py", line 19, in render
    content = loader.render_to_string(template_name, context, request, using=using)
  File "/Users/dickens/.virtualenvs/meiduo_mall/lib/python3.7/site-packages/django/template/loader.py", line 61, in render_to_string
    template = get_template(template_name, using=using)
  File "/Users/dickens/.virtualenvs/meiduo_mall/lib/python3.7/site-packages/django/template/loader.py", line 19, in get_template
    raise TemplateDoesNotExist(template_name, chain=chain)
django.template.exceptions.TemplateDoesNotExist: index.html
ERROR 2023-11-30 09:07:35,463 basehttp 161 "GET / HTTP/1.1" 500 95116
INFO 2023-11-30 09:07:53,613 basehttp 161 "GET /register/ HTTP/1.1" 200 4987
INFO 2023-11-30 09:07:59,216 basehttp 161 "GET /usernames/admin/count/ HTTP/1.1" 200 42
INFO 2023-11-30 09:08:17,266 basehttp 161 "GET /mobiles/17856418062/count/ HTTP/1.1" 200 41
INFO 2023-11-30 09:08:25,311 basehttp 161 "GET /usernames/admin/count/ HTTP/1.1" 200 42
INFO 2023-11-30 09:08:25,320 basehttp 161 "GET /mobiles/17856418062/count/ HTTP/1.1" 200 41
INFO 2023-11-30 09:14:39,684 autoreload 637 Watching for file changes with StatReloader
INFO 2023-11-30 09:14:46,014 basehttp 161 "GET / HTTP/1.1" 200 24706
INFO 2023-11-30 09:14:46,337 basehttp 161 "GET /static/images/goods/goods001.jpg HTTP/1.1" 200 5391
INFO 2023-11-30 09:14:46,342 basehttp 161 "GET /static/js/jquery-1.12.4.min.js HTTP/1.1" 200 97163
INFO 2023-11-30 09:14:46,354 basehttp 161 "GET /static/images/goods/goods002.jpg HTTP/1.1" 200 5377
INFO 2023-11-30 09:14:46,394 basehttp 161 "GET /static/images/slide01.jpg HTTP/1.1" 200 67813
INFO 2023-11-30 09:14:46,449 basehttp 161 "GET /static/js/slide.js HTTP/1.1" 200 1822
INFO 2023-11-30 09:14:46,454 basehttp 161 "GET /static/js/index.js HTTP/1.1" 200 1727
INFO 2023-11-30 09:14:46,457 basehttp 161 "GET /static/images/slide02.jpg HTTP/1.1" 200 89905
INFO 2023-11-30 09:14:46,458 basehttp 161 "GET /static/images/goods/goods003.jpg HTTP/1.1" 200 8579
INFO 2023-11-30 09:14:46,462 basehttp 161 "GET /static/images/slide03.jpg HTTP/1.1" 200 70152
INFO 2023-11-30 09:14:46,464 basehttp 161 "GET /static/images/slide04.jpg HTTP/1.1" 200 107973
INFO 2023-11-30 09:14:46,465 basehttp 161 "GET /static/images/banner01.jpg HTTP/1.1" 200 23658
INFO 2023-11-30 09:14:46,529 basehttp 161 "GET /static/images/icons.png HTTP/1.1" 200 7740
INFO 2023-11-30 09:14:46,535 basehttp 161 "GET /static/images/goods/goods004.jpg HTTP/1.1" 200 6565
INFO 2023-11-30 09:14:46,536 basehttp 161 "GET /static/images/goods/goods005.jpg HTTP/1.1" 200 7578
INFO 2023-11-30 09:14:46,537 basehttp 161 "GET /static/images/adv01.jpg HTTP/1.1" 200 39831
INFO 2023-11-30 09:14:46,684 basehttp 161 "GET /static/images/goods/goods008.jpg HTTP/1.1" 200 7072
INFO 2023-11-30 09:14:46,684 basehttp 161 "GET /static/images/goods/goods009.jpg HTTP/1.1" 200 8738
INFO 2023-11-30 09:14:46,685 basehttp 161 "GET /static/images/banner03.jpg HTTP/1.1" 200 22681
INFO 2023-11-30 09:14:46,686 basehttp 161 "GET /static/images/banner02.jpg HTTP/1.1" 200 26729
WARNING 2023-11-30 09:14:46,697 log 230 Not Found: /carts/simple/
WARNING 2023-11-30 09:14:46,698 basehttp 161 "GET /carts/simple/ HTTP/1.1" 404 2850
INFO 2023-11-30 09:15:09,471 basehttp 161 "GET /register/ HTTP/1.1" 200 4977
INFO 2023-11-30 09:15:12,647 basehttp 161 "GET /usernames/admin/count/ HTTP/1.1" 200 42
INFO 2023-11-30 09:38:13,871 autoreload 637 Watching for file changes with StatReloader
INFO 2023-11-30 09:38:17,774 basehttp 161 "GET /register/ HTTP/1.1" 200 5019
WARNING 2023-11-30 09:38:17,929 log 230 Not Found: /register/images/pic_code.jpg
WARNING 2023-11-30 09:38:17,929 basehttp 161 "GET /register/images/pic_code.jpg HTTP/1.1" 404 3080
INFO 2023-11-30 09:38:20,482 basehttp 161 "GET /register/ HTTP/1.1" 200 5019
WARNING 2023-11-30 09:38:20,532 log 230 Not Found: /register/images/pic_code.jpg
WARNING 2023-11-30 09:38:20,534 basehttp 161 "GET /register/images/pic_code.jpg HTTP/1.1" 404 3080
INFO 2023-11-30 09:38:22,032 basehttp 161 "GET /usernames/admin/count/ HTTP/1.1" 200 42
INFO 2023-11-30 09:39:38,458 autoreload 637 Watching for file changes with StatReloader
INFO 2023-11-30 09:39:42,043 basehttp 161 "GET /register/ HTTP/1.1" 200 5159
INFO 2023-11-30 09:39:42,162 basehttp 161 "GET /image_codes/46decd90-1a51-4e48-86fd-e30e64e75286/ HTTP/1.1" 200 3299
INFO 2023-11-30 09:39:43,607 basehttp 161 "GET /usernames/admin/count/ HTTP/1.1" 200 42
INFO 2023-11-30 09:39:43,681 basehttp 161 "GET /image_codes/9b0f0c6d-38db-4a05-aca0-dfa2a6c8aa3b/ HTTP/1.1" 200 3228
INFO 2023-11-30 09:39:44,697 basehttp 161 "GET /image_codes/cb68345d-ec1d-4f5e-a2d0-64d3342492f1/ HTTP/1.1" 200 2932
INFO 2023-11-30 09:39:45,553 basehttp 161 "GET /image_codes/cba08991-4509-42da-ae94-1595b338dec9/ HTTP/1.1" 200 3380
INFO 2023-11-30 09:39:46,253 basehttp 161 "GET /image_codes/aa7b52f0-e0ea-4f56-92ea-1dc71c1e467a/ HTTP/1.1" 200 3478
INFO 2023-12-01 03:11:43,935 autoreload 637 Watching for file changes with StatReloader
INFO 2023-12-01 03:11:56,407 basehttp 161 "GET /register/ HTTP/1.1" 200 5264
INFO 2023-12-01 03:11:56,890 basehttp 161 "GET /image_codes/2596ecd1-935e-473d-bc8d-73b48b4376fd/ HTTP/1.1" 200 3073
INFO 2023-12-01 03:11:58,464 basehttp 161 "GET /usernames/admin/count/ HTTP/1.1" 200 42
INFO 2023-12-01 03:12:01,297 basehttp 161 "GET /mobiles/17613731215/count/ HTTP/1.1" 200 41
INFO 2023-12-01 03:12:01,393 basehttp 161 "GET /mobiles/17613731215/count/ HTTP/1.1" 200 41
INFO 2023-12-01 03:12:06,538 views 59 582302
INFO 2023-12-01 03:12:06,542 basehttp 161 "GET /mobiles/17613731215/count/ HTTP/1.1" 200 41
INFO 2023-12-01 03:12:06,774 basehttp 161 "GET /sms_codes/17613731215/?image_code=hf6t&image_code_id=2596ecd1-935e-473d-bc8d-73b48b4376fd HTTP/1.1" 200 63
INFO 2023-12-01 03:12:06,800 basehttp 161 "GET /image_codes/7bc24727-941b-43ba-a8d5-671bdb7d65e9/ HTTP/1.1" 200 3229
INFO 2023-12-01 03:40:45,172 autoreload 637 Watching for file changes with StatReloader
INFO 2023-12-01 03:40:50,982 basehttp 161 "GET /register/ HTTP/1.1" 200 5264
INFO 2023-12-01 03:40:51,387 basehttp 161 "GET /image_codes/64f5dcb6-4192-408e-9585-1f9db4429e9a/ HTTP/1.1" 200 3435
INFO 2023-12-01 03:40:53,343 basehttp 161 "GET /usernames/admin/count/ HTTP/1.1" 200 42
INFO 2023-12-01 03:40:55,006 basehttp 161 "GET /mobiles/17613731215/count/ HTTP/1.1" 200 41
INFO 2023-12-01 03:41:02,018 basehttp 161 "GET /mobiles/17613731215/count/ HTTP/1.1" 200 41
INFO 2023-12-01 03:41:02,031 views 59 421967
INFO 2023-12-01 03:41:02,269 basehttp 161 "GET /sms_codes/17613731215/?image_code=koov&image_code_id=64f5dcb6-4192-408e-9585-1f9db4429e9a HTTP/1.1" 200 63
INFO 2023-12-01 03:41:02,297 basehttp 161 "GET /image_codes/1082e08f-db1d-49a4-b9b1-28273c559af5/ HTTP/1.1" 200 3056
INFO 2023-12-04 06:55:04,315 autoreload 637 Watching for file changes with StatReloader
INFO 2023-12-04 06:55:14,762 basehttp 161 "GET /register/ HTTP/1.1" 200 5427
INFO 2023-12-04 06:55:14,822 basehttp 161 "GET /static/css/main.css HTTP/1.1" 200 39722
INFO 2023-12-04 06:55:14,825 basehttp 161 "GET /static/js/vue-2.5.16.js HTTP/1.1" 200 289307
INFO 2023-12-04 06:55:14,892 basehttp 161 "GET /static/images/register_banner.png HTTP/1.1" 200 54894
ERROR 2023-12-04 06:55:14,995 log 230 Internal Server Error: /image_codes/49e89505-b3f8-4be1-a99a-168b5e70938d/
Traceback (most recent call last):
  File "/Users/dickens/.virtualenvs/meiduo_mall/lib/python3.7/site-packages/redis/connection.py", line 265, in connect
    lambda: self._connect(), lambda error: self.disconnect(error)
  File "/Users/dickens/.virtualenvs/meiduo_mall/lib/python3.7/site-packages/redis/retry.py", line 46, in call_with_retry
    return do()
  File "/Users/dickens/.virtualenvs/meiduo_mall/lib/python3.7/site-packages/redis/connection.py", line 265, in <lambda>
    lambda: self._connect(), lambda error: self.disconnect(error)
  File "/Users/dickens/.virtualenvs/meiduo_mall/lib/python3.7/site-packages/redis/connection.py", line 627, in _connect
    raise err
  File "/Users/dickens/.virtualenvs/meiduo_mall/lib/python3.7/site-packages/redis/connection.py", line 615, in _connect
    sock.connect(socket_address)
ConnectionRefusedError: [Errno 61] Connection refused

During handling of the above exception, another exception occurred:

Traceback (most recent call last):
  File "/Users/dickens/.virtualenvs/meiduo_mall/lib/python3.7/site-packages/django/core/handlers/exception.py", line 47, in inner
    response = get_response(request)
  File "/Users/dickens/.virtualenvs/meiduo_mall/lib/python3.7/site-packages/django/core/handlers/base.py", line 181, in _get_response
    response = wrapped_callback(request, *callback_args, **callback_kwargs)
  File "/Users/dickens/.virtualenvs/meiduo_mall/lib/python3.7/site-packages/django/views/generic/base.py", line 70, in view
    return self.dispatch(request, *args, **kwargs)
  File "/Users/dickens/.virtualenvs/meiduo_mall/lib/python3.7/site-packages/django/views/generic/base.py", line 98, in dispatch
    return handler(request, *args, **kwargs)
  File "/Users/dickens/Desktop/test/python/django/projects/meiduo_project/meiduo_mall/meiduo_mall/apps/verifications/views.py", line 111, in get
    redis_conn.setex('img_%s' % uuid, 300, text)
  File "/Users/dickens/.virtualenvs/meiduo_mall/lib/python3.7/site-packages/redis/commands/core.py", line 2366, in setex
    return self.execute_command("SETEX", name, time, value)
  File "/Users/dickens/.virtualenvs/meiduo_mall/lib/python3.7/site-packages/redis/client.py", line 533, in execute_command
    conn = self.connection or pool.get_connection(command_name, **options)
  File "/Users/dickens/.virtualenvs/meiduo_mall/lib/python3.7/site-packages/redis/connection.py", line 1086, in get_connection
    connection.connect()
  File "/Users/dickens/.virtualenvs/meiduo_mall/lib/python3.7/site-packages/redis/connection.py", line 270, in connect
    raise ConnectionError(self._error_message(e))
redis.exceptions.ConnectionError: Error 61 connecting to 127.0.0.1:6379. Connection refused.
ERROR 2023-12-04 06:55:14,999 basehttp 161 "GET /image_codes/49e89505-b3f8-4be1-a99a-168b5e70938d/ HTTP/1.1" 500 127410
WARNING 2023-12-04 06:55:15,029 log 230 Not Found: /favicon.ico
WARNING 2023-12-04 06:55:15,029 basehttp 161 "GET /favicon.ico HTTP/1.1" 404 3219
INFO 2023-12-04 06:55:17,350 basehttp 161 "GET /usernames/admin/count/ HTTP/1.1" 200 42
ERROR 2023-12-04 06:55:17,493 log 230 Internal Server Error: /image_codes/ec89a732-2d36-4c7d-bd19-94c8a5a630b5/
Traceback (most recent call last):
  File "/Users/dickens/.virtualenvs/meiduo_mall/lib/python3.7/site-packages/redis/connection.py", line 265, in connect
    lambda: self._connect(), lambda error: self.disconnect(error)
  File "/Users/dickens/.virtualenvs/meiduo_mall/lib/python3.7/site-packages/redis/retry.py", line 46, in call_with_retry
    return do()
  File "/Users/dickens/.virtualenvs/meiduo_mall/lib/python3.7/site-packages/redis/connection.py", line 265, in <lambda>
    lambda: self._connect(), lambda error: self.disconnect(error)
  File "/Users/dickens/.virtualenvs/meiduo_mall/lib/python3.7/site-packages/redis/connection.py", line 627, in _connect
    raise err
  File "/Users/dickens/.virtualenvs/meiduo_mall/lib/python3.7/site-packages/redis/connection.py", line 615, in _connect
    sock.connect(socket_address)
ConnectionRefusedError: [Errno 61] Connection refused

During handling of the above exception, another exception occurred:

Traceback (most recent call last):
  File "/Users/dickens/.virtualenvs/meiduo_mall/lib/python3.7/site-packages/django/core/handlers/exception.py", line 47, in inner
    response = get_response(request)
  File "/Users/dickens/.virtualenvs/meiduo_mall/lib/python3.7/site-packages/django/core/handlers/base.py", line 181, in _get_response
    response = wrapped_callback(request, *callback_args, **callback_kwargs)
  File "/Users/dickens/.virtualenvs/meiduo_mall/lib/python3.7/site-packages/django/views/generic/base.py", line 70, in view
    return self.dispatch(request, *args, **kwargs)
  File "/Users/dickens/.virtualenvs/meiduo_mall/lib/python3.7/site-packages/django/views/generic/base.py", line 98, in dispatch
    return handler(request, *args, **kwargs)
  File "/Users/dickens/Desktop/test/python/django/projects/meiduo_project/meiduo_mall/meiduo_mall/apps/verifications/views.py", line 111, in get
    redis_conn.setex('img_%s' % uuid, 300, text)
  File "/Users/dickens/.virtualenvs/meiduo_mall/lib/python3.7/site-packages/redis/commands/core.py", line 2366, in setex
    return self.execute_command("SETEX", name, time, value)
  File "/Users/dickens/.virtualenvs/meiduo_mall/lib/python3.7/site-packages/redis/client.py", line 533, in execute_command
    conn = self.connection or pool.get_connection(command_name, **options)
  File "/Users/dickens/.virtualenvs/meiduo_mall/lib/python3.7/site-packages/redis/connection.py", line 1086, in get_connection
    connection.connect()
  File "/Users/dickens/.virtualenvs/meiduo_mall/lib/python3.7/site-packages/redis/connection.py", line 270, in connect
    raise ConnectionError(self._error_message(e))
redis.exceptions.ConnectionError: Error 61 connecting to 127.0.0.1:6379. Connection refused.
ERROR 2023-12-04 06:55:17,494 basehttp 161 "GET /image_codes/ec89a732-2d36-4c7d-bd19-94c8a5a630b5/ HTTP/1.1" 500 127422
INFO 2023-12-04 06:58:16,883 autoreload 637 Watching for file changes with StatReloader
INFO 2023-12-04 06:58:19,922 basehttp 161 "GET /register/ HTTP/1.1" 200 5427
INFO 2023-12-04 06:58:19,994 basehttp 161 "GET /image_codes/74e3a831-acca-4fdc-9700-dde76d023ce7/ HTTP/1.1" 200 2915
INFO 2023-12-04 06:58:21,681 basehttp 161 "GET /usernames/admin/count/ HTTP/1.1" 200 42
INFO 2023-12-04 06:58:21,780 basehttp 161 "GET /image_codes/aef049fa-1562-475a-91dd-881043b8bf4f/ HTTP/1.1" 200 3457
INFO 2023-12-04 06:58:22,339 basehttp 161 "GET /image_codes/f559ac72-fc40-474c-abbc-f531e147baae/ HTTP/1.1" 200 3048
INFO 2023-12-04 06:58:23,004 basehttp 161 "GET /image_codes/5ae62d20-5bc4-4b04-af19-3dd54755961f/ HTTP/1.1" 200 3326
INFO 2023-12-04 06:58:23,695 basehttp 161 "GET /image_codes/0e535a1e-b3cc-4c6a-ade3-96d828560f7f/ HTTP/1.1" 200 2960
INFO 2023-12-04 06:58:25,272 basehttp 161 "GET /image_codes/c2a533c1-9219-416a-9276-a7d15462be3e/ HTTP/1.1" 200 2892
INFO 2023-12-04 06:58:42,417 basehttp 161 "GET /mobiles/17613731215/count/ HTTP/1.1" 200 41
INFO 2023-12-04 06:58:42,500 views 64 381457
INFO 2023-12-04 06:58:42,505 basehttp 161 "GET /mobiles/17613731215/count/ HTTP/1.1" 200 41
INFO 2023-12-04 06:58:42,688 basehttp 161 "GET /sms_codes/17613731215/?image_code=clsa&image_code_id=c2a533c1-9219-416a-9276-a7d15462be3e HTTP/1.1" 200 63
INFO 2023-12-04 06:58:42,700 basehttp 161 "GET /image_codes/4576b821-5347-4b46-a10b-8ab3a289c12a/ HTTP/1.1" 200 3263
INFO 2023-12-04 06:58:47,618 basehttp 161 "GET /sms_codes/17613731215/?image_code=clsa&image_code_id=4576b821-5347-4b46-a10b-8ab3a289c12a HTTP/1.1" 200 81
INFO 2023-12-04 06:58:47,629 basehttp 161 "GET /mobiles/17613731215/count/ HTTP/1.1" 200 41
INFO 2023-12-04 06:58:47,633 basehttp 161 "GET /image_codes/4ee90e3e-6697-475a-8fb5-8308baa39a75/ HTTP/1.1" 200 2907
INFO 2023-12-04 06:58:54,233 basehttp 161 "GET /sms_codes/17613731215/?image_code=cjhp&image_code_id=4ee90e3e-6697-475a-8fb5-8308baa39a75 HTTP/1.1" 200 75
INFO 2023-12-04 06:58:54,241 basehttp 161 "GET /mobiles/17613731215/count/ HTTP/1.1" 200 41
INFO 2023-12-04 06:58:54,245 basehttp 161 "GET /image_codes/efb70294-38ef-4439-b23f-d85431e039b2/ HTTP/1.1" 200 3186
INFO 2023-12-04 06:59:55,328 autoreload 637 Watching for file changes with StatReloader
INFO 2023-12-04 06:59:58,262 basehttp 161 "GET /mobiles/17613731215/count/ HTTP/1.1" 200 41
INFO 2023-12-04 06:59:58,265 views 64 191896
INFO 2023-12-04 06:59:58,445 basehttp 161 "GET /sms_codes/17613731215/?image_code=vxjj&image_code_id=efb70294-38ef-4439-b23f-d85431e039b2 HTTP/1.1" 200 63
INFO 2023-12-04 06:59:58,485 basehttp 161 "GET /image_codes/b3c58856-0825-42d2-94cd-6704d7b201b4/ HTTP/1.1" 200 2810
INFO 2023-12-04 07:00:05,718 basehttp 161 "GET /mobiles/17613731215/count/ HTTP/1.1" 200 41
WARNING 2023-12-04 07:00:05,722 log 230 Forbidden: /register/
INFO 2023-12-04 07:00:05,723 basehttp 161 "GET /usernames/admin/count/ HTTP/1.1" 200 42
WARNING 2023-12-04 07:00:05,723 basehttp 161 "POST /register/ HTTP/1.1" 403 18
INFO 2023-12-04 07:00:11,800 basehttp 161 "GET /image_codes/46ea55e3-2172-4075-9359-75f77f5e9dbc/ HTTP/1.1" 200 3201
INFO 2023-12-04 07:22:53,036 autoreload 637 Watching for file changes with StatReloader
INFO 2023-12-04 07:22:57,144 basehttp 161 "GET /register/ HTTP/1.1" 200 5427
INFO 2023-12-04 07:22:57,232 basehttp 161 "GET /image_codes/05b7ef07-924e-4350-93df-98f061e1a805/ HTTP/1.1" 200 3732
INFO 2023-12-04 07:23:07,947 basehttp 161 "GET /usernames/admin/count/ HTTP/1.1" 200 42
INFO 2023-12-04 07:23:09,175 basehttp 161 "GET /usernames/admin/count/ HTTP/1.1" 200 42
INFO 2023-12-04 07:29:02,083 basehttp 161 "GET /usernames/admin/count/ HTTP/1.1" 200 42
INFO 2023-12-04 07:33:12,374 basehttp 161 "GET /usernames/root123/count/ HTTP/1.1" 200 42
INFO 2023-12-04 07:33:24,241 basehttp 161 "GET /mobiles/17613731215/count/ HTTP/1.1" 200 41
INFO 2023-12-04 07:33:26,948 basehttp 161 "GET /sms_codes/17613731215/?image_code=ledh&image_code_id=05b7ef07-924e-4350-93df-98f061e1a805 HTTP/1.1" 200 69
INFO 2023-12-04 07:33:26,951 basehttp 161 "GET /mobiles/17613731215/count/ HTTP/1.1" 200 41
INFO 2023-12-04 07:33:26,971 basehttp 161 "GET /image_codes/be761a4b-bb38-48fe-a49e-510d3a54234f/ HTTP/1.1" 200 3129
INFO 2023-12-04 07:33:32,486 views 64 324892
INFO 2023-12-04 07:33:32,494 basehttp 161 "GET /mobiles/17613731215/count/ HTTP/1.1" 200 41
INFO 2023-12-04 07:33:32,730 basehttp 161 "GET /sms_codes/17613731215/?image_code=kzdy&image_code_id=be761a4b-bb38-48fe-a49e-510d3a54234f HTTP/1.1" 200 63
INFO 2023-12-04 07:33:32,745 basehttp 161 "GET /image_codes/80be7e13-6864-4a32-974a-b4e38687eea0/ HTTP/1.1" 200 2980
WARNING 2023-12-04 07:33:39,444 log 230 Forbidden: /register/
WARNING 2023-12-04 07:33:39,445 basehttp 161 "POST /register/ HTTP/1.1" 403 18
INFO 2023-12-04 07:33:39,449 basehttp 161 "GET /mobiles/17613731215/count/ HTTP/1.1" 200 41
INFO 2023-12-04 07:33:39,454 basehttp 75 - Broken pipe from ('127.0.0.1', 57680)

INFO 2023-12-04 08:10:49,968 autoreload 251 /Users/dickens/Desktop/test/python/django/projects/meiduo_project/meiduo_mall/meiduo_mall/apps/users/views.py changed, reloading.
INFO 2023-12-04 08:10:50,676 autoreload 637 Watching for file changes with StatReloader
INFO 2023-12-04 08:10:54,090 basehttp 161 "GET /image_codes/6dddc916-7d27-4959-b16c-3f0513a75add/ HTTP/1.1" 200 3229
INFO 2023-12-04 08:11:04,023 basehttp 161 "GET /mobiles/17613731215/count/ HTTP/1.1" 200 41
INFO 2023-12-04 08:11:04,590 basehttp 161 "GET /image_codes/ccda4fb7-b35e-4546-b484-a2e229a4c754/ HTTP/1.1" 200 3282
INFO 2023-12-04 08:11:08,381 views 64 912035
INFO 2023-12-04 08:11:08,386 basehttp 161 "GET /mobiles/17613731215/count/ HTTP/1.1" 200 41
INFO 2023-12-04 08:11:08,628 basehttp 161 "GET /sms_codes/17613731215/?image_code=vmcq&image_code_id=ccda4fb7-b35e-4546-b484-a2e229a4c754 HTTP/1.1" 200 63
INFO 2023-12-04 08:11:08,645 basehttp 161 "GET /image_codes/3ba40c5f-221b-4066-8af4-03b35948d2c3/ HTTP/1.1" 200 3381
INFO 2023-12-04 08:11:14,055 basehttp 161 "GET /mobiles/17613731215/count/ HTTP/1.1" 200 41
INFO 2023-12-04 08:11:18,625 basehttp 161 "GET /usernames/root123/count/ HTTP/1.1" 200 42
INFO 2023-12-04 08:11:18,754 basehttp 161 "GET /mobiles/17613731215/count/ HTTP/1.1" 200 41
INFO 2023-12-04 08:11:18,754 basehttp 161 "GET /usernames/root123/count/ HTTP/1.1" 200 42
WARNING 2023-12-04 08:11:18,766 log 230 Forbidden: /register/
WARNING 2023-12-04 08:11:18,767 basehttp 161 "POST /register/ HTTP/1.1" 403 18
INFO 2023-12-04 08:13:56,996 autoreload 637 Watching for file changes with StatReloader
INFO 2023-12-04 08:13:59,727 basehttp 161 "GET /register/ HTTP/1.1" 200 5427
INFO 2023-12-04 08:13:59,798 basehttp 161 "GET /image_codes/dfe7a1e2-43ec-45d3-8cad-0bce77a75d26/ HTTP/1.1" 200 3282
INFO 2023-12-04 08:14:00,948 basehttp 161 "GET /usernames/admin/count/ HTTP/1.1" 200 42
INFO 2023-12-04 08:14:04,892 basehttp 161 "GET /usernames/root123/count/ HTTP/1.1" 200 42
INFO 2023-12-04 08:14:15,823 basehttp 161 "GET /mobiles/17613731215/count/ HTTP/1.1" 200 41
INFO 2023-12-04 08:14:20,303 views 64 499361
INFO 2023-12-04 08:14:20,306 basehttp 161 "GET /mobiles/17613731215/count/ HTTP/1.1" 200 41
INFO 2023-12-04 08:14:20,465 basehttp 161 "GET /sms_codes/17613731215/?image_code=t9qm&image_code_id=dfe7a1e2-43ec-45d3-8cad-0bce77a75d26 HTTP/1.1" 200 63
INFO 2023-12-04 08:14:20,488 basehttp 161 "GET /image_codes/ccbc6d70-86de-4b20-860d-ee6b9724d13b/ HTTP/1.1" 200 3158
WARNING 2023-12-04 08:14:28,926 log 230 Forbidden: /register/
WARNING 2023-12-04 08:14:28,927 basehttp 161 "POST /register/ HTTP/1.1" 403 18
INFO 2023-12-04 08:14:28,932 basehttp 161 "GET /mobiles/17613731215/count/ HTTP/1.1" 200 41
INFO 2023-12-04 08:14:28,933 basehttp 75 - Broken pipe from ('127.0.0.1', 64990)

INFO 2023-12-04 08:26:15,654 autoreload 637 Watching for file changes with StatReloader
INFO 2023-12-04 08:26:19,310 basehttp 161 "GET /register/ HTTP/1.1" 200 5427
INFO 2023-12-04 08:26:19,418 basehttp 161 "GET /image_codes/387f5999-c821-4155-afe4-9e4eb4013098/ HTTP/1.1" 200 3072
INFO 2023-12-04 08:26:20,381 basehttp 161 "GET /usernames/admin/count/ HTTP/1.1" 200 42
INFO 2023-12-04 08:26:26,022 basehttp 161 "GET /usernames/root123/count/ HTTP/1.1" 200 42
INFO 2023-12-04 08:26:35,966 basehttp 161 "GET /mobiles/17613731215/count/ HTTP/1.1" 200 41
INFO 2023-12-04 08:26:39,917 views 64 519981
INFO 2023-12-04 08:26:39,922 basehttp 161 "GET /mobiles/17613731215/count/ HTTP/1.1" 200 41
INFO 2023-12-04 08:26:40,107 basehttp 161 "GET /sms_codes/17613731215/?image_code=fi6l&image_code_id=387f5999-c821-4155-afe4-9e4eb4013098 HTTP/1.1" 200 63
INFO 2023-12-04 08:26:40,122 basehttp 161 "GET /image_codes/2619a1cb-cbef-4f7b-87f1-cbb4b0527c4a/ HTTP/1.1" 200 3424
WARNING 2023-12-04 08:26:45,203 log 230 Forbidden: /register/
WARNING 2023-12-04 08:26:45,204 basehttp 161 "POST /register/ HTTP/1.1" 403 18
INFO 2023-12-04 08:26:45,209 basehttp 75 - Broken pipe from ('127.0.0.1', 50724)

INFO 2023-12-04 08:26:45,210 basehttp 75 - Broken pipe from ('127.0.0.1', 50723)

INFO 2023-12-04 08:27:39,833 basehttp 161 "GET /register/ HTTP/1.1" 200 5425
INFO 2023-12-04 08:27:39,894 basehttp 161 "GET /image_codes/9742e463-0fb2-4db2-9102-212cf0d23a32/ HTTP/1.1" 200 2786
INFO 2023-12-04 08:27:41,264 basehttp 161 "GET /usernames/admin/count/ HTTP/1.1" 200 42
INFO 2023-12-04 08:27:44,799 basehttp 161 "GET /usernames/root123/count/ HTTP/1.1" 200 42
INFO 2023-12-04 08:27:55,377 basehttp 161 "GET /mobiles/17613731215/count/ HTTP/1.1" 200 41
INFO 2023-12-04 08:27:56,810 basehttp 161 "GET /image_codes/0f0de7ad-50b5-4db1-b3c9-6be70b788911/ HTTP/1.1" 200 3115
INFO 2023-12-04 08:28:01,426 views 64 476873
INFO 2023-12-04 08:28:01,430 basehttp 161 "GET /mobiles/17613731215/count/ HTTP/1.1" 200 41
INFO 2023-12-04 08:28:01,550 basehttp 161 "GET /sms_codes/17613731215/?image_code=rsru&image_code_id=0f0de7ad-50b5-4db1-b3c9-6be70b788911 HTTP/1.1" 200 63
INFO 2023-12-04 08:28:01,567 basehttp 161 "GET /image_codes/8d69cd22-0c83-470b-8e3f-2489c4135a81/ HTTP/1.1" 200 2884
INFO 2023-12-04 08:28:06,295 basehttp 161 "POST /register/ HTTP/1.1" 200 5539
INFO 2023-12-04 08:28:06,301 basehttp 75 - Broken pipe from ('127.0.0.1', 50963)

INFO 2023-12-04 08:28:06,303 basehttp 75 - Broken pipe from ('127.0.0.1', 51049)

INFO 2023-12-04 08:28:06,331 basehttp 161 "GET /image_codes/d472dfbd-fcf1-4e20-89de-7b8ef98c86aa/ HTTP/1.1" 200 2942
INFO 2023-12-04 08:33:28,065 autoreload 637 Watching for file changes with StatReloader
INFO 2023-12-04 08:33:34,821 basehttp 161 "GET /login HTTP/1.1" 301 0
INFO 2023-12-04 08:33:34,840 basehttp 161 "GET /login/ HTTP/1.1" 200 2629
INFO 2023-12-04 08:33:34,877 basehttp 161 "GET /static/js/login.js HTTP/1.1" 200 5212
INFO 2023-12-04 08:33:34,880 basehttp 161 "GET /static/images/logo02.png HTTP/1.1" 200 8466
INFO 2023-12-04 08:33:34,880 basehttp 161 "GET /static/images/QQ-weixin.png HTTP/1.1" 200 1816
INFO 2023-12-04 08:33:34,884 basehttp 161 "GET /static/images/login_banner.png HTTP/1.1" 200 319312
INFO 2023-12-04 08:45:25,873 basehttp 161 "GET /login/ HTTP/1.1" 200 3257
INFO 2023-12-04 08:45:49,352 autoreload 251 /Users/dickens/Desktop/test/python/django/projects/meiduo_project/meiduo_mall/meiduo_mall/apps/users/views.py changed, reloading.
INFO 2023-12-04 08:45:50,039 autoreload 637 Watching for file changes with StatReloader
INFO 2023-12-04 08:46:05,704 autoreload 251 /Users/dickens/Desktop/test/python/django/projects/meiduo_project/meiduo_mall/meiduo_mall/apps/users/views.py changed, reloading.
INFO 2023-12-04 08:46:06,066 autoreload 637 Watching for file changes with StatReloader
INFO 2023-12-04 08:46:23,784 autoreload 251 /Users/dickens/Desktop/test/python/django/projects/meiduo_project/meiduo_mall/meiduo_mall/apps/users/views.py changed, reloading.
INFO 2023-12-04 08:46:24,274 autoreload 637 Watching for file changes with StatReloader
INFO 2023-12-04 08:51:36,715 basehttp 161 "GET /register/ HTTP/1.1" 200 5415
INFO 2023-12-04 08:51:36,826 basehttp 161 "GET /image_codes/36f97723-e49a-4bec-a1dd-8a7c642161a3/ HTTP/1.1" 200 3092
INFO 2023-12-04 08:51:40,269 basehttp 161 "GET /usernames/admin/count/ HTTP/1.1" 200 42
INFO 2023-12-04 08:51:48,561 basehttp 161 "GET /mobiles/17613731215/count/ HTTP/1.1" 200 41
INFO 2023-12-04 08:51:48,605 basehttp 161 "GET /image_codes/97b76229-9105-4d30-970a-8885a8ff116c/ HTTP/1.1" 200 3241
INFO 2023-12-04 08:51:52,998 views 64 827327
INFO 2023-12-04 08:51:53,002 basehttp 161 "GET /mobiles/17613731215/count/ HTTP/1.1" 200 41
INFO 2023-12-04 08:51:53,169 basehttp 161 "GET /sms_codes/17613731215/?image_code=rw6p&image_code_id=97b76229-9105-4d30-970a-8885a8ff116c HTTP/1.1" 200 63
INFO 2023-12-04 08:51:53,187 basehttp 161 "GET /image_codes/91ca780f-df23-4d1e-b726-8170d395e8cd/ HTTP/1.1" 200 3495
INFO 2023-12-04 08:51:58,522 basehttp 161 "GET /mobiles/17613731215/count/ HTTP/1.1" 200 41
INFO 2023-12-04 08:51:58,524 basehttp 161 "GET /usernames/admin/count/ HTTP/1.1" 200 42
INFO 2023-12-04 08:51:58,526 basehttp 161 "POST /register/ HTTP/1.1" 200 5529
INFO 2023-12-04 08:51:58,569 basehttp 161 "GET /image_codes/da9dbbdf-8ac6-4a16-b405-8ae72f797090/ HTTP/1.1" 200 3168
WARNING 2023-12-04 08:52:41,623 basehttp 161 "GET /static/js/axios.min.map HTTP/1.1" 404 1807
INFO 2023-12-04 08:52:50,131 basehttp 161 "GET /register/ HTTP/1.1" 200 5415
WARNING 2023-12-04 08:52:50,237 basehttp 161 "GET /static/js/axios.min.map HTTP/1.1" 404 1807
INFO 2023-12-04 08:52:50,240 basehttp 161 "GET /image_codes/8a353c7e-9767-4c03-b4bc-05c911480bba/ HTTP/1.1" 200 3219
INFO 2023-12-04 08:53:02,863 basehttp 161 "GET /usernames/admin/count/ HTTP/1.1" 200 42
INFO 2023-12-04 08:53:14,646 basehttp 161 "GET /mobiles/17613731215/count/ HTTP/1.1" 200 41
INFO 2023-12-04 08:53:21,230 basehttp 161 "GET /sms_codes/17613731215/?image_code=p4v6&image_code_id=8a353c7e-9767-4c03-b4bc-05c911480bba HTTP/1.1" 200 81
INFO 2023-12-04 08:53:21,246 basehttp 161 "GET /mobiles/17613731215/count/ HTTP/1.1" 200 41
INFO 2023-12-04 08:53:21,251 basehttp 161 "GET /image_codes/47964946-126e-47e9-a1c4-0eb21108addf/ HTTP/1.1" 200 3040
INFO 2023-12-04 08:53:27,261 views 64 539670
INFO 2023-12-04 08:53:27,268 basehttp 161 "GET /mobiles/17613731215/count/ HTTP/1.1" 200 41
INFO 2023-12-04 08:53:27,431 basehttp 161 "GET /sms_codes/17613731215/?image_code=bfba&image_code_id=47964946-126e-47e9-a1c4-0eb21108addf HTTP/1.1" 200 63
INFO 2023-12-04 08:53:27,454 basehttp 161 "GET /image_codes/1e462a03-d062-4b3d-bb2b-247e94ebf3c9/ HTTP/1.1" 200 3184
INFO 2023-12-04 08:53:35,111 basehttp 161 "GET /mobiles/17613731215/count/ HTTP/1.1" 200 41
INFO 2023-12-04 08:53:35,116 basehttp 161 "GET /usernames/admin/count/ HTTP/1.1" 200 42
INFO 2023-12-04 08:53:35,118 basehttp 161 "POST /register/ HTTP/1.1" 200 5529
WARNING 2023-12-04 08:53:35,204 basehttp 161 "GET /static/js/axios.min.map HTTP/1.1" 404 1807
INFO 2023-12-04 08:53:35,206 basehttp 161 "GET /image_codes/d7453afb-40b4-4382-b149-1391b846cfd5/ HTTP/1.1" 200 3301
INFO 2023-12-04 08:55:40,200 basehttp 161 "GET / HTTP/1.1" 200 24696
INFO 2023-12-04 08:55:40,223 basehttp 161 "GET /static/js/jquery-1.12.4.min.js HTTP/1.1" 200 97163
INFO 2023-12-04 08:55:40,257 basehttp 161 "GET /static/images/slide01.jpg HTTP/1.1" 200 67813
INFO 2023-12-04 08:55:40,260 basehttp 161 "GET /static/images/slide02.jpg HTTP/1.1" 200 89905
INFO 2023-12-04 08:55:40,263 basehttp 161 "GET /static/images/banner01.jpg HTTP/1.1" 200 23658
INFO 2023-12-04 08:55:40,264 basehttp 161 "GET /static/images/adv01.jpg HTTP/1.1" 200 39831
INFO 2023-12-04 08:55:40,265 basehttp 161 "GET /static/images/slide03.jpg HTTP/1.1" 200 70152
INFO 2023-12-04 08:55:40,265 basehttp 161 "GET /static/images/slide04.jpg HTTP/1.1" 200 107973
INFO 2023-12-04 08:55:40,281 basehttp 161 "GET /static/images/banner02.jpg HTTP/1.1" 200 26729
INFO 2023-12-04 08:55:40,282 basehttp 161 "GET /static/images/banner03.jpg HTTP/1.1" 200 22681
WARNING 2023-12-04 08:55:40,398 log 230 Not Found: /carts/simple/
WARNING 2023-12-04 08:55:40,398 basehttp 161 "GET /carts/simple/ HTTP/1.1" 404 3395
INFO 2023-12-04 09:00:08,818 basehttp 161 "GET /register/ HTTP/1.1" 200 5415
INFO 2023-12-04 09:00:08,897 basehttp 161 "GET /image_codes/4f349266-88be-4e3b-9de2-7f2e86a68d94/ HTTP/1.1" 200 3468
INFO 2023-12-04 09:00:13,779 basehttp 161 "GET /usernames/admin/count/ HTTP/1.1" 200 42
INFO 2023-12-04 09:00:22,110 basehttp 161 "GET /mobiles/17613731215/count/ HTTP/1.1" 200 41
INFO 2023-12-04 09:00:22,171 basehttp 161 "GET /image_codes/0019d5ad-e37e-4c2a-aa69-8ff76440f871/ HTTP/1.1" 200 2942
INFO 2023-12-04 09:00:26,301 views 64 228218
INFO 2023-12-04 09:00:26,305 basehttp 161 "GET /mobiles/17613731215/count/ HTTP/1.1" 200 41
INFO 2023-12-04 09:00:26,427 basehttp 161 "GET /sms_codes/17613731215/?image_code=o43d&image_code_id=0019d5ad-e37e-4c2a-aa69-8ff76440f871 HTTP/1.1" 200 63
INFO 2023-12-04 09:00:26,447 basehttp 161 "GET /image_codes/1afd84dd-6570-4202-a379-6b78351ee294/ HTTP/1.1" 200 2710
INFO 2023-12-04 09:00:32,351 basehttp 161 "GET /mobiles/17613731215/count/ HTTP/1.1" 200 41
INFO 2023-12-04 09:00:32,356 basehttp 161 "GET /usernames/admin/count/ HTTP/1.1" 200 42
INFO 2023-12-04 09:00:32,356 basehttp 161 "POST /register/ HTTP/1.1" 200 5529
INFO 2023-12-04 09:00:32,404 basehttp 161 "GET /image_codes/2cd79dbf-5519-4ac8-b2de-b97b7345b48c/ HTTP/1.1" 200 3073
INFO 2023-12-04 09:12:22,457 basehttp 161 "GET /usernames/root123/count/ HTTP/1.1" 200 42
INFO 2023-12-04 09:12:30,009 basehttp 161 "GET /mobiles/17613731215/count/ HTTP/1.1" 200 41
INFO 2023-12-04 09:12:30,900 basehttp 161 "GET /image_codes/9ecdaa9b-557e-4434-9077-1b4244335adf/ HTTP/1.1" 200 3313
INFO 2023-12-04 09:12:39,046 basehttp 161 "GET /image_codes/b6919cc3-21be-477e-85d4-a71c688c31b9/ HTTP/1.1" 200 3650
INFO 2023-12-04 09:12:46,898 views 64 025700
INFO 2023-12-04 09:12:46,903 basehttp 161 "GET /mobiles/17613731215/count/ HTTP/1.1" 200 41
INFO 2023-12-04 09:12:47,064 basehttp 161 "GET /sms_codes/17613731215/?image_code=e3qy&image_code_id=b6919cc3-21be-477e-85d4-a71c688c31b9 HTTP/1.1" 200 63
INFO 2023-12-04 09:12:47,082 basehttp 161 "GET /image_codes/2731dd0e-b79b-42df-82a1-d5f3c005accc/ HTTP/1.1" 200 3312
INFO 2023-12-04 09:12:52,896 basehttp 161 "POST /register/ HTTP/1.1" 200 5529
INFO 2023-12-04 09:12:52,899 basehttp 161 "GET /mobiles/17613731215/count/ HTTP/1.1" 200 41
INFO 2023-12-04 09:12:52,903 basehttp 75 - Broken pipe from ('127.0.0.1', 59210)

INFO 2023-12-04 09:12:52,961 basehttp 161 "GET /image_codes/410a2103-e075-45f9-afdd-552233371d93/ HTTP/1.1" 200 3028
INFO 2023-12-04 09:15:11,114 autoreload 251 /Users/dickens/Desktop/test/python/django/projects/meiduo_project/meiduo_mall/meiduo_mall/apps/users/views.py changed, reloading.
INFO 2023-12-04 09:15:11,756 autoreload 637 Watching for file changes with StatReloader
INFO 2023-12-04 09:15:30,452 autoreload 251 /Users/dickens/Desktop/test/python/django/projects/meiduo_project/meiduo_mall/meiduo_mall/apps/users/views.py changed, reloading.
INFO 2023-12-04 09:15:31,009 autoreload 637 Watching for file changes with StatReloader
INFO 2023-12-04 09:15:44,245 basehttp 161 "GET /usernames/admin/count/ HTTP/1.1" 200 42
INFO 2023-12-04 09:15:51,773 basehttp 161 "GET /mobiles/17613731215/count/ HTTP/1.1" 200 41
INFO 2023-12-04 09:15:54,895 basehttp 161 "GET /sms_codes/17613731215/?image_code=fj67&image_code_id=410a2103-e075-45f9-afdd-552233371d93 HTTP/1.1" 200 81
INFO 2023-12-04 09:15:54,899 basehttp 161 "GET /mobiles/17613731215/count/ HTTP/1.1" 200 41
INFO 2023-12-04 09:15:54,923 basehttp 161 "GET /image_codes/df27a3ef-43d2-4760-a716-3803881de4a1/ HTTP/1.1" 200 3199
INFO 2023-12-04 09:16:01,041 basehttp 161 "GET /image_codes/dee6d049-4d9a-4cc9-8bc1-6e0547ba2e66/ HTTP/1.1" 200 2849
INFO 2023-12-04 09:16:04,041 views 64 386351
INFO 2023-12-04 09:16:04,046 basehttp 161 "GET /mobiles/17613731215/count/ HTTP/1.1" 200 41
INFO 2023-12-04 09:16:04,163 basehttp 161 "GET /sms_codes/17613731215/?image_code=jsab&image_code_id=dee6d049-4d9a-4cc9-8bc1-6e0547ba2e66 HTTP/1.1" 200 63
INFO 2023-12-04 09:16:04,182 basehttp 161 "GET /image_codes/28dabd8c-4d3e-477d-9336-18726e24d56f/ HTTP/1.1" 200 3261
INFO 2023-12-04 09:16:30,438 basehttp 161 "GET /mobiles/17613731215/count/ HTTP/1.1" 200 41
INFO 2023-12-04 09:16:30,438 basehttp 161 "GET /usernames/admin/count/ HTTP/1.1" 200 42
INFO 2023-12-04 09:16:30,444 basehttp 161 "POST /register/ HTTP/1.1" 200 5529
INFO 2023-12-04 09:16:30,490 basehttp 161 "GET /image_codes/3d6ece16-5a8b-4d5f-846f-d9b9035d9197/ HTTP/1.1" 200 3334
INFO 2023-12-04 09:25:28,523 autoreload 251 /Users/dickens/Desktop/test/python/django/projects/meiduo_project/meiduo_mall/meiduo_mall/apps/verifications/views.py changed, reloading.
INFO 2023-12-04 09:25:29,303 autoreload 637 Watching for file changes with StatReloader
INFO 2023-12-04 09:26:46,364 basehttp 161 "GET /register/ HTTP/1.1" 200 5415
INFO 2023-12-04 09:26:46,434 basehttp 161 "GET /image_codes/555c946e-c379-4a52-9c36-aa5e7facdb20/ HTTP/1.1" 200 3240
INFO 2023-12-04 09:26:50,983 basehttp 161 "GET /usernames/admin/count/ HTTP/1.1" 200 42
INFO 2023-12-04 09:37:54,876 basehttp 161 "GET /register/ HTTP/1.1" 200 5415
INFO 2023-12-04 09:37:54,935 basehttp 161 "GET /image_codes/b873dde7-5e9a-43cb-8eef-e1abb1e43485/ HTTP/1.1" 200 2973
INFO 2023-12-04 09:37:58,611 basehttp 161 "GET /usernames/admin/count/ HTTP/1.1" 200 42
INFO 2023-12-04 09:38:08,286 basehttp 161 "GET /mobiles/17613731215/count/ HTTP/1.1" 200 41
INFO 2023-12-04 09:39:02,128 basehttp 161 "GET /sms_codes/17613731215/?image_code=62t3&image_code_id=b873dde7-5e9a-43cb-8eef-e1abb1e43485 HTTP/1.1" 200 81
INFO 2023-12-04 09:39:02,138 basehttp 161 "GET /mobiles/17613731215/count/ HTTP/1.1" 200 41
INFO 2023-12-04 09:39:02,142 basehttp 161 "GET /image_codes/b5ac7603-4037-478b-ac34-755591d45a46/ HTTP/1.1" 200 2977
INFO 2023-12-04 09:39:31,005 basehttp 161 "GET /sms_codes/17613731215/?image_code=62t3&image_code_id=b5ac7603-4037-478b-ac34-755591d45a46 HTTP/1.1" 200 81
INFO 2023-12-04 09:39:31,015 basehttp 161 "GET /mobiles/17613731215/count/ HTTP/1.1" 200 41
INFO 2023-12-04 09:39:31,022 basehttp 161 "GET /image_codes/c5027ca6-7b9d-40a7-a010-a2e43e8de9e6/ HTTP/1.1" 200 3129
INFO 2023-12-04 09:50:56,089 autoreload 637 Watching for file changes with StatReloader
INFO 2023-12-04 09:50:59,358 basehttp 161 "GET /register/ HTTP/1.1" 200 5415
INFO 2023-12-04 09:50:59,450 basehttp 161 "GET /image_codes/d6b1d85e-e596-4faa-9241-883424298413/ HTTP/1.1" 200 2957
INFO 2023-12-04 09:51:02,306 basehttp 161 "GET /usernames/admin/count/ HTTP/1.1" 200 42
INFO 2023-12-04 09:55:52,099 basehttp 161 "GET /mobiles/17613731215/count/ HTTP/1.1" 200 41
INFO 2023-12-04 09:55:52,209 basehttp 161 "GET /image_codes/ec62a00a-5a5c-4ac6-8d9b-08f7be4cd78c/ HTTP/1.1" 200 2839
INFO 2023-12-04 09:55:54,668 basehttp 161 "GET /image_codes/49845751-8e5e-41b0-8c69-7ec5da61c5a3/ HTTP/1.1" 200 3058
INFO 2023-12-04 09:55:55,970 basehttp 161 "GET /image_codes/a429c920-1e63-4b11-9eb3-f163ba81930c/ HTTP/1.1" 200 3204
INFO 2023-12-04 09:55:59,354 views 64 025767
INFO 2023-12-04 09:55:59,357 basehttp 161 "GET /sms_codes/17613731215/?image_code=aqsd&image_code_id=a429c920-1e63-4b11-9eb3-f163ba81930c HTTP/1.1" 200 63
INFO 2023-12-04 09:55:59,359 basehttp 161 "GET /mobiles/17613731215/count/ HTTP/1.1" 200 41
INFO 2023-12-04 09:55:59,369 basehttp 161 "GET /image_codes/d9e464d3-6ba3-4637-a305-7a6ab2e3c508/ HTTP/1.1" 200 3472
INFO 2023-12-04 09:56:05,719 basehttp 161 "GET /usernames/admin/count/ HTTP/1.1" 200 42
INFO 2023-12-04 09:56:05,740 basehttp 161 "POST /register/ HTTP/1.1" 200 5529
INFO 2023-12-04 09:56:05,740 basehttp 161 "GET /mobiles/17613731215/count/ HTTP/1.1" 200 41
INFO 2023-12-04 09:56:05,828 basehttp 161 "GET /image_codes/9a67e3f2-42e5-4802-9b73-6be250517bb8/ HTTP/1.1" 200 3250
INFO 2023-12-04 09:59:45,402 autoreload 251 /Users/dickens/Desktop/test/python/django/projects/meiduo_project/meiduo_mall/meiduo_mall/apps/verifications/views.py changed, reloading.
INFO 2023-12-04 09:59:46,073 autoreload 637 Watching for file changes with StatReloader
INFO 2023-12-04 10:01:06,979 autoreload 251 /Users/dickens/Desktop/test/python/django/projects/meiduo_project/meiduo_mall/meiduo_mall/apps/verifications/views.py changed, reloading.
INFO 2023-12-04 10:01:07,573 autoreload 637 Watching for file changes with StatReloader
INFO 2023-12-04 10:01:15,149 autoreload 251 /Users/dickens/Desktop/test/python/django/projects/meiduo_project/meiduo_mall/meiduo_mall/apps/verifications/views.py changed, reloading.
INFO 2023-12-04 10:01:15,511 autoreload 637 Watching for file changes with StatReloader
INFO 2023-12-04 10:01:47,965 basehttp 161 "GET /register/ HTTP/1.1" 200 5415
INFO 2023-12-04 10:01:48,031 basehttp 161 "GET /image_codes/7bb83cb8-06e9-41fb-a958-8c0478d1b719/ HTTP/1.1" 200 3029
INFO 2023-12-04 10:01:51,641 basehttp 161 "GET /usernames/admin/count/ HTTP/1.1" 200 42
INFO 2023-12-04 10:02:10,770 basehttp 161 "GET /mobiles/17613731215/count/ HTTP/1.1" 200 41
INFO 2023-12-04 10:02:13,641 views 64 194923
INFO 2023-12-04 10:02:13,643 basehttp 161 "GET /sms_codes/17613731215/?image_code=fzrl&image_code_id=7bb83cb8-06e9-41fb-a958-8c0478d1b719 HTTP/1.1" 200 63
INFO 2023-12-04 10:02:13,646 basehttp 161 "GET /mobiles/17613731215/count/ HTTP/1.1" 200 41
INFO 2023-12-04 10:02:13,659 basehttp 161 "GET /image_codes/703a423a-4c40-49b8-90ce-d3f47d203e49/ HTTP/1.1" 200 3051
INFO 2023-12-04 10:02:19,247 basehttp 161 "GET /usernames/admin/count/ HTTP/1.1" 200 42
INFO 2023-12-04 10:02:19,249 basehttp 161 "GET /mobiles/17613731215/count/ HTTP/1.1" 200 41
INFO 2023-12-04 10:02:19,426 basehttp 161 "POST /register/ HTTP/1.1" 302 0
INFO 2023-12-04 10:02:19,437 basehttp 161 "GET / HTTP/1.1" 200 24696
WARNING 2023-12-04 10:02:19,636 log 230 Not Found: /carts/simple/
WARNING 2023-12-04 10:02:19,637 basehttp 161 "GET /carts/simple/ HTTP/1.1" 404 3395
